<?xml version="1.0" encoding="UTF-8"?>
<!-- Generated by org.testng.reporters.JUnitReportReporter -->
<testsuite hostname="DESKTOP-J8E85EM" failures="0" tests="5" name="com.example.tests.Outbound" time="49.720" errors="0" timestamp="2025-11-14T14:51:46 PKT" skipped="0">
  <testcase classname="com.example.tests.Outbound" name="loginTest" time="49.696"/>
  <testcase classname="com.example.tests.Outbound" name="createOrderTest" time="0.010"/>
  <testcase classname="com.example.tests.Outbound" name="createPicklistTest" time="0.005"/>
  <testcase classname="com.example.tests.Outbound" name="performPackingTest" time="0.004"/>
  <testcase classname="com.example.tests.Outbound" name="createShipmentTest" time="0.005"/>
</testsuite> <!-- com.example.tests.Outbound -->
