<?xml version="1.0" encoding="UTF-8"?>
<!-- Generated by org.testng.reporters.JUnitXMLReporter -->
<testsuite ignored="6" hostname="DESKTOP-J8E85EM" failures="0" tests="4" name="FullFlow" time="351.171" errors="0" timestamp="2025-11-02T13:04:26 PKT">
  <testcase classname="com.example.tests.LoginTest" name="login" time="11.592"/>
  <testcase classname="com.example.tests.SalesOrderTest" name="createOrder" time="34.21"/>
  <testcase classname="com.example.tests.PicklistTest" name="createPicklist" time="67.063"/>
  <testcase classname="com.example.tests.PackingTest" name="pickPackAndShip" time="238.195"/>
  <testcase classname="com.example.tests.BaseTest" name="@AfterSuite afterSuite" time="0.0">
    <ignored/>
  </testcase> <!-- @AfterSuite afterSuite -->
  <testcase classname="com.example.tests.BaseTest" name="@AfterSuite afterSuite" time="0.0">
    <ignored/>
  </testcase> <!-- @AfterSuite afterSuite -->
  <testcase classname="com.example.tests.BaseTest" name="@BeforeSuite beforeSuite" time="0.0">
    <ignored/>
  </testcase> <!-- @BeforeSuite beforeSuite -->
  <testcase classname="com.example.tests.BaseTest" name="@BeforeSuite beforeSuite" time="0.0">
    <ignored/>
  </testcase> <!-- @BeforeSuite beforeSuite -->
  <testcase classname="com.example.tests.BaseTest" name="@AfterSuite afterSuite" time="0.0">
    <ignored/>
  </testcase> <!-- @AfterSuite afterSuite -->
  <testcase classname="com.example.tests.BaseTest" name="@BeforeSuite beforeSuite" time="0.0">
    <ignored/>
  </testcase> <!-- @BeforeSuite beforeSuite -->
</testsuite> <!-- FullFlow -->
