<?xml version="1.0" encoding="UTF-8"?>
<!-- Generated by org.testng.reporters.JUnitReportReporter -->
<testsuite hostname="SIBTEIN" failures="1" tests="1" name="com.example.tests.InboundShipment" time="36.032" errors="0" timestamp="2025-11-05T15:01:59 PKT" skipped="0">
  <testcase classname="com.example.tests.InboundShipment" name="inboundShipmentTest" time="36.032">
    <failure message="❌ Test failed: element click intercepted: Element &lt;select class=&quot;form-control&quot; permission=&quot;UpdateInboundStatus&quot; id=&quot;status-inbound&quot; data-bind=&quot;inboundshipmentstatusid&quot;&gt;...&lt;/select&gt; is not clickable at point (1260, 66). Other element would receive the click: &lt;button class=&quot;btn-danger dropdown-toggle&quot; type=&quot;button&quot; data-toggle=&quot;dropdown&quot; locale-res=&quot;...&quot;&gt;Cancel&lt;/button&gt;
  (Session info: chrome=142.0.7444.60)
Build info: version: &#039;4.25.0&#039;, revision: &#039;8a8aea2337&#039;
System info: os.name: &#039;Windows 11&#039;, os.arch: &#039;amd64&#039;, os.version: &#039;10.0&#039;, java.version: &#039;25&#039;
Driver info: org.openqa.selenium.chrome.ChromeDriver
Command: [0bd2b631b0d125210aae5c1fdad0fc04, clickElement {id=f.27C5478BE92B1B8A3D5BA50DEED347F3.d.993AB742706A88138CFFC15A7D1687FB.e.523}]
Capabilities {acceptInsecureCerts: false, browserName: chrome, browserVersion: 142.0.7444.60, chrome: {chromedriverVersion: 142.0.7444.59 (4b8153ab58d3..., userDataDir: C:\Users\Sibtein\AppData\Lo...}, fedcm:accounts: true, goog:chromeOptions: {debuggerAddress: localhost:53754}, goog:processID: 20928, networkConnectionEnabled: false, pageLoadStrategy: normal, platformName: windows, proxy: Proxy(), se:cdp: ws://localhost:53754/devtoo..., se:cdpVersion: 142.0.7444.60, setWindowRect: true, strictFileInteractability: false, timeouts: {implicit: 0, pageLoad: 300000, script: 30000}, unhandledPromptBehavior: dismiss and notify, webauthn:extension:credBlob: true, webauthn:extension:largeBlob: true, webauthn:extension:minPinLength: true, webauthn:extension:prf: true, webauthn:virtualAuthenticators: true}
Element: [[ChromeDriver: chrome on windows (0bd2b631b0d125210aae5c1fdad0fc04)] -&gt; id: status-inbound]
Session ID: 0bd2b631b0d125210aae5c1fdad0fc04" type="java.lang.AssertionError">
      <![CDATA[java.lang.AssertionError: ❌ Test failed: element click intercepted: Element <select class="form-control" permission="UpdateInboundStatus" id="status-inbound" data-bind="inboundshipmentstatusid">...</select> is not clickable at point (1260, 66). Other element would receive the click: <button class="btn-danger dropdown-toggle" type="button" data-toggle="dropdown" locale-res="...">Cancel</button>
  (Session info: chrome=142.0.7444.60)
Build info: version: '4.25.0', revision: '8a8aea2337'
System info: os.name: 'Windows 11', os.arch: 'amd64', os.version: '10.0', java.version: '25'
Driver info: org.openqa.selenium.chrome.ChromeDriver
Command: [0bd2b631b0d125210aae5c1fdad0fc04, clickElement {id=f.27C5478BE92B1B8A3D5BA50DEED347F3.d.993AB742706A88138CFFC15A7D1687FB.e.523}]
Capabilities {acceptInsecureCerts: false, browserName: chrome, browserVersion: 142.0.7444.60, chrome: {chromedriverVersion: 142.0.7444.59 (4b8153ab58d3..., userDataDir: C:\Users\Sibtein\AppData\Lo...}, fedcm:accounts: true, goog:chromeOptions: {debuggerAddress: localhost:53754}, goog:processID: 20928, networkConnectionEnabled: false, pageLoadStrategy: normal, platformName: windows, proxy: Proxy(), se:cdp: ws://localhost:53754/devtoo..., se:cdpVersion: 142.0.7444.60, setWindowRect: true, strictFileInteractability: false, timeouts: {implicit: 0, pageLoad: 300000, script: 30000}, unhandledPromptBehavior: dismiss and notify, webauthn:extension:credBlob: true, webauthn:extension:largeBlob: true, webauthn:extension:minPinLength: true, webauthn:extension:prf: true, webauthn:virtualAuthenticators: true}
Element: [[ChromeDriver: chrome on windows (0bd2b631b0d125210aae5c1fdad0fc04)] -> id: status-inbound]
Session ID: 0bd2b631b0d125210aae5c1fdad0fc04
at org.testng.Assert.fail(Assert.java:111)
at com.example.tests.InboundShipment.inboundShipmentTest(InboundShipment.java:200)
at java.base/jdk.internal.reflect.DirectMethodHandleAccessor.invoke(DirectMethodHandleAccessor.java:104)
at java.base/java.lang.reflect.Method.invoke(Method.java:565)
at org.testng.internal.invokers.MethodInvocationHelper.invokeMethod(MethodInvocationHelper.java:141)
at org.testng.internal.invokers.TestInvoker.invokeMethod(TestInvoker.java:686)
at org.testng.internal.invokers.TestInvoker.invokeTestMethod(TestInvoker.java:230)
at org.testng.internal.invokers.MethodRunner.runInSequence(MethodRunner.java:63)
at org.testng.internal.invokers.TestInvoker$MethodInvocationAgent.invoke(TestInvoker.java:992)
at org.testng.internal.invokers.TestInvoker.invokeTestMethods(TestInvoker.java:203)
at org.testng.internal.invokers.TestMethodWorker.invokeTestMethods(TestMethodWorker.java:154)
at org.testng.internal.invokers.TestMethodWorker.run(TestMethodWorker.java:134)
at java.base/java.util.ArrayList.forEach(ArrayList.java:1604)
at org.testng.TestRunner.privateRun(TestRunner.java:739)
at org.testng.TestRunner.run(TestRunner.java:614)
at org.testng.SuiteRunner.runTest(SuiteRunner.java:421)
at org.testng.SuiteRunner.runSequentially(SuiteRunner.java:413)
at org.testng.SuiteRunner.privateRun(SuiteRunner.java:373)
at org.testng.SuiteRunner.run(SuiteRunner.java:312)
at org.testng.SuiteRunnerWorker.runSuite(SuiteRunnerWorker.java:52)
at org.testng.SuiteRunnerWorker.run(SuiteRunnerWorker.java:95)
at org.testng.TestNG.runSuitesSequentially(TestNG.java:1274)
at org.testng.TestNG.runSuitesLocally(TestNG.java:1208)
at org.testng.TestNG.runSuites(TestNG.java:1112)
at org.testng.TestNG.run(TestNG.java:1079)
at org.testng.remote.AbstractRemoteTestNG.run(AbstractRemoteTestNG.java:115)
at org.testng.remote.RemoteTestNG.initAndRun(RemoteTestNG.java:293)
at org.testng.remote.RemoteTestNG.main(RemoteTestNG.java:91)
]]>
    </failure>
  </testcase> <!-- inboundShipmentTest -->
</testsuite> <!-- com.example.tests.InboundShipment -->
