<?xml version="1.0" encoding="UTF-8"?>
<!-- Generated by org.testng.reporters.JUnitXMLReporter -->
<testsuite ignored="0" hostname="SIBTEIN" failures="1" tests="1" name="Complete Flow Test" time="49.889" errors="0" timestamp="2025-11-05T15:01:58 PKT">
  <testcase classname="com.example.tests.InboundShipment" name="inboundShipmentTest" time="36.032">
    <failure type="java.lang.AssertionError" message="❌ Test failed: element click intercepted: Element &amp;lt;select class=&amp;quot;form-control&amp;quot; permission=&amp;quot;UpdateInboundStatus&amp;quot; id=&amp;quot;status-inbound&amp;quot; data-bind=&amp;quot;inboundshipmentstatusid&amp;quot;&amp;gt;...&amp;lt;/select&amp;gt; is not clickable at point (1260, 66). Other element would receive the click: &amp;lt;button class=&amp;quot;btn-danger dropdown-toggle&amp;quot; type=&amp;quot;button&amp;quot; data-toggle=&amp;quot;dropdown&amp;quot; locale-res=&amp;quot;...&amp;quot;&amp;gt;Cancel&amp;lt;/button&amp;gt;
  (Session info: chrome=142.0.7444.60)
Build info: version: &amp;apos;4.25.0&amp;apos;, revision: &amp;apos;8a8aea2337&amp;apos;
System info: os.name: &amp;apos;Windows 11&amp;apos;, os.arch: &amp;apos;amd64&amp;apos;, os.version: &amp;apos;10.0&amp;apos;, java.version: &amp;apos;25&amp;apos;
Driver info: org.openqa.selenium.chrome.ChromeDriver
Command: [0bd2b631b0d125210aae5c1fdad0fc04, clickElement {id=f.27C5478BE92B1B8A3D5BA50DEED347F3.d.993AB742706A88138CFFC15A7D1687FB.e.523}]
Capabilities {acceptInsecureCerts: false, browserName: chrome, browserVersion: 142.0.7444.60, chrome: {chromedriverVersion: 142.0.7444.59 (4b8153ab58d3..., userDataDir: C:\Users\Sibtein\AppData\Lo...}, fedcm:accounts: true, goog:chromeOptions: {debuggerAddress: localhost:53754}, goog:processID: 20928, networkConnectionEnabled: false, pageLoadStrategy: normal, platformName: windows, proxy: Proxy(), se:cdp: ws://localhost:53754/devtoo..., se:cdpVersion: 142.0.7444.60, setWindowRect: true, strictFileInteractability: false, timeouts: {implicit: 0, pageLoad: 300000, script: 30000}, unhandledPromptBehavior: dismiss and notify, webauthn:extension:credBlob: true, webauthn:extension:largeBlob: true, webauthn:extension:minPinLength: true, webauthn:extension:prf: true, webauthn:virtualAuthenticators: true}
Element: [[ChromeDriver: chrome on windows (0bd2b631b0d125210aae5c1fdad0fc04)] -&amp;gt; id: status-inbound]
Session ID: 0bd2b631b0d125210aae5c1fdad0fc04">
      <![CDATA[java.lang.AssertionError: ❌ Test failed: element click intercepted: Element <select class="form-control" permission="UpdateInboundStatus" id="status-inbound" data-bind="inboundshipmentstatusid">...</select> is not clickable at point (1260, 66). Other element would receive the click: <button class="btn-danger dropdown-toggle" type="button" data-toggle="dropdown" locale-res="...">Cancel</button>
  (Session info: chrome=142.0.7444.60)
Build info: version: '4.25.0', revision: '8a8aea2337'
System info: os.name: 'Windows 11', os.arch: 'amd64', os.version: '10.0', java.version: '25'
Driver info: org.openqa.selenium.chrome.ChromeDriver
Command: [0bd2b631b0d125210aae5c1fdad0fc04, clickElement {id=f.27C5478BE92B1B8A3D5BA50DEED347F3.d.993AB742706A88138CFFC15A7D1687FB.e.523}]
Capabilities {acceptInsecureCerts: false, browserName: chrome, browserVersion: 142.0.7444.60, chrome: {chromedriverVersion: 142.0.7444.59 (4b8153ab58d3..., userDataDir: C:\Users\Sibtein\AppData\Lo...}, fedcm:accounts: true, goog:chromeOptions: {debuggerAddress: localhost:53754}, goog:processID: 20928, networkConnectionEnabled: false, pageLoadStrategy: normal, platformName: windows, proxy: Proxy(), se:cdp: ws://localhost:53754/devtoo..., se:cdpVersion: 142.0.7444.60, setWindowRect: true, strictFileInteractability: false, timeouts: {implicit: 0, pageLoad: 300000, script: 30000}, unhandledPromptBehavior: dismiss and notify, webauthn:extension:credBlob: true, webauthn:extension:largeBlob: true, webauthn:extension:minPinLength: true, webauthn:extension:prf: true, webauthn:virtualAuthenticators: true}
Element: [[ChromeDriver: chrome on windows (0bd2b631b0d125210aae5c1fdad0fc04)] -> id: status-inbound]
Session ID: 0bd2b631b0d125210aae5c1fdad0fc04
at com.example.tests.InboundShipment.inboundShipmentTest(InboundShipment.java:200)
at java.base/java.util.ArrayList.forEach(ArrayList.java:1604)
... Removed 26 stack frames]]>
    </failure>
  </testcase> <!-- inboundShipmentTest -->
</testsuite> <!-- Complete Flow Test -->
