<?xml version="1.0" encoding="UTF-8"?>
<testng-results ignored="0" total="4" passed="4" failed="0" skipped="0">
  <reporter-output>
  </reporter-output>
  <suite started-at="2025-11-02T12:58:34 PKT" name="EndToEndSuite" finished-at="2025-11-02T13:04:26 PKT" duration-ms="351171">
    <groups>
    </groups>
    <test started-at="2025-11-02T12:58:34 PKT" name="FullFlow" finished-at="2025-11-02T13:04:26 PKT" duration-ms="351171">
      <class name="com.example.tests.LoginTest">
        <test-method is-config="true" signature="beforeSuite()[pri:0, instance:com.example.tests.LoginTest@17f62e33]" started-at="2025-11-02T12:58:25 PKT" name="beforeSuite" finished-at="2025-11-02T12:58:34 PKT" duration-ms="9298" status="PASS">
          <reporter-output>
          </reporter-output>
        </test-method> <!-- beforeSuite -->
        <test-method signature="login()[pri:0, instance:com.example.tests.LoginTest@17f62e33]" started-at="2025-11-02T12:58:34 PKT" name="login" finished-at="2025-11-02T12:58:46 PKT" duration-ms="11592" status="PASS">
          <reporter-output>
          </reporter-output>
        </test-method> <!-- login -->
        <test-method is-config="true" signature="afterSuite()[pri:0, instance:com.example.tests.LoginTest@17f62e33]" started-at="2025-11-02T13:04:26 PKT" name="afterSuite" finished-at="2025-11-02T13:04:27 PKT" duration-ms="1472" status="PASS">
          <reporter-output>
          </reporter-output>
        </test-method> <!-- afterSuite -->
      </class> <!-- com.example.tests.LoginTest -->
      <class name="com.example.tests.PicklistTest">
        <test-method signature="createPicklist()[pri:0, instance:com.example.tests.PicklistTest@54422e18]" started-at="2025-11-02T12:59:20 PKT" name="createPicklist" finished-at="2025-11-02T13:00:27 PKT" depends-on-methods="com.example.tests.SalesOrderTest.createOrder" duration-ms="67063" status="PASS">
          <reporter-output>
          </reporter-output>
        </test-method> <!-- createPicklist -->
      </class> <!-- com.example.tests.PicklistTest -->
      <class name="com.example.tests.SalesOrderTest">
        <test-method signature="createOrder()[pri:0, instance:com.example.tests.SalesOrderTest@543295b0]" started-at="2025-11-02T12:58:46 PKT" name="createOrder" finished-at="2025-11-02T12:59:20 PKT" depends-on-methods="com.example.tests.LoginTest.login" duration-ms="34210" status="PASS">
          <reporter-output>
          </reporter-output>
        </test-method> <!-- createOrder -->
      </class> <!-- com.example.tests.SalesOrderTest -->
      <class name="com.example.tests.PackingTest">
        <test-method signature="pickPackAndShip()[pri:0, instance:com.example.tests.PackingTest@117159c0]" started-at="2025-11-02T13:00:27 PKT" name="pickPackAndShip" finished-at="2025-11-02T13:04:26 PKT" depends-on-methods="com.example.tests.PicklistTest.createPicklist" duration-ms="238195" status="PASS">
          <reporter-output>
          </reporter-output>
        </test-method> <!-- pickPackAndShip -->
      </class> <!-- com.example.tests.PackingTest -->
    </test> <!-- FullFlow -->
  </suite> <!-- EndToEndSuite -->
</testng-results>
